2018/3/20 10:00:50  Stage 0 Erase OK
2018/3/20 10:01:13  Stage 0 Write OK
2018/3/20 10:01:14  Stage 0 Read OK
2018/3/20 10:01:14  Stage 0 CRC OK
2018/3/20 10:01:15  Stage 1 Erase OK
2018/3/20 10:01:23  Stage 1 Write OK
2018/3/20 10:01:27  Stage 1 Read OK
2018/3/20 10:01:28  Stage 1 CRC OK
2018/3/20 10:01:28  Stage 2 Erase OK
2018/3/20 10:01:36  Stage 2 Write OK
2018/3/20 10:01:40  Stage 2 Read OK
2018/3/20 10:01:41  Stage 2 CRC OK
2018/3/20 10:01:42  Stage 3 Erase OK
2018/3/20 10:01:49  Stage 3 Write OK
2018/3/20 10:01:53  Stage 3 Read OK
2018/3/20 10:01:55  Stage 3 CRC OK
2018/3/20 10:01:55  Stage 4 Erase OK
2018/3/20 10:02:03  Stage 4 Write OK
2018/3/20 10:02:07  Stage 4 Read OK
2018/3/20 10:02:08  Stage 4 CRC OK
2018/3/20 10:02:08  Stage 5 Erase OK
2018/3/20 10:02:16  Stage 5 Write OK
2018/3/20 10:02:20  Stage 5 Read OK
2018/3/20 10:02:21  Stage 5 CRC OK
2018/3/20 10:02:21  Stage 6 Erase OK
2018/3/20 10:02:29  Stage 6 Write OK
2018/3/20 10:02:33  Stage 6 Read OK
2018/3/20 10:02:34  Stage 6 CRC OK
2018/3/20 10:02:34  Stage 7 Erase OK
2018/3/20 10:02:42  Stage 7 Write OK
2018/3/20 10:02:46  Stage 7 Read OK
2018/3/20 10:02:47  Stage 7 CRC OK
2018/3/20 10:02:48  Stage 8 Erase OK
2018/3/20 10:02:55  Stage 8 Write OK
2018/3/20 10:02:59  Stage 8 Read OK
2018/3/20 10:04:02 ####################### Error ################## 8 Tool Restart !
2018/3/20 10:04:02 ####################### Board ReStart !!! ################## 
2018/3/20 10:04:04  Stage 8 Erase OK
2018/3/20 10:04:11  Stage 8 Write OK
2018/3/20 10:04:15  Stage 8 Read OK
2018/3/20 10:04:17  Stage 8 CRC OK
2018/3/20 10:04:17  Stage 9 Erase OK
2018/3/20 10:04:25  Stage 9 Write OK
2018/3/20 10:04:29  Stage 9 Read OK
2018/3/20 10:04:30  Stage 9 CRC OK
2018/3/20 10:04:30  Stage 10 Erase OK
2018/3/20 10:04:38  Stage 10 Write OK
2018/3/20 10:04:42  Stage 10 Read OK
2018/3/20 10:04:43  Stage 10 CRC OK
2018/3/20 10:04:43  Stage 11 Erase OK
2018/3/20 10:04:51  Stage 11 Write OK
2018/3/20 10:04:55  Stage 11 Read OK
2018/3/20 10:04:56  Stage 11 CRC OK
2018/3/20 10:04:56  Stage 12 Erase OK
2018/3/20 10:05:04  Stage 12 Write OK
2018/3/20 10:05:08  Stage 12 Read OK
2018/3/20 10:05:09  Stage 12 CRC OK
2018/3/20 10:05:10  Stage 13 Erase OK
2018/3/20 10:05:17  Stage 13 Write OK
2018/3/20 10:05:21  Stage 13 Read OK
2018/3/20 10:05:23  Stage 13 CRC OK
2018/3/20 10:05:23  Stage 14 Erase OK
2018/3/20 10:05:31  Stage 14 Write OK
2018/3/20 10:05:35  Stage 14 Read OK
2018/3/20 10:05:36  Stage 14 CRC OK
2018/3/20 10:05:36  Stage 15 Erase OK
2018/3/20 10:05:44  Stage 15 Write OK
2018/3/20 10:05:48  Stage 15 Read OK
2018/3/20 10:05:49  Stage 15 CRC OK
2018/3/20 10:05:49  Stage 16 Erase OK
2018/3/20 10:05:57  Stage 16 Write OK
2018/3/20 10:06:01  Stage 16 Read OK
2018/3/20 10:06:02  Stage 16 CRC OK
2018/3/20 10:06:08  Stage 0 Erase OK
2018/3/20 10:06:31  Stage 0 Write OK
2018/3/20 10:06:32  Stage 0 Read OK
2018/3/20 10:06:32  Stage 0 CRC OK
2018/3/20 10:06:32  Stage 1 Erase OK
2018/3/20 10:06:40  Stage 1 Write OK
2018/3/20 10:06:44  Stage 1 Read OK
2018/3/20 10:06:45  Stage 1 CRC OK
2018/3/20 10:06:46  Stage 2 Erase OK
2018/3/20 10:06:54  Stage 2 Write OK
2018/3/20 10:06:57  Stage 2 Read OK
2018/3/20 10:06:59  Stage 2 CRC OK
2018/3/20 10:06:59  Stage 3 Erase OK
2018/3/20 10:07:07  Stage 3 Write OK
2018/3/20 10:07:11  Stage 3 Read OK
2018/3/20 10:07:12  Stage 3 CRC OK
2018/3/20 10:07:12  Stage 4 Erase OK
2018/3/20 10:07:20  Stage 4 Write OK
2018/3/20 10:07:27 ####################### Board ReStart !!! ################## 
2018/3/20 10:07:29  Stage 4 Erase OK
2018/3/20 10:07:37  Stage 4 Write OK
2018/3/20 10:07:41  Stage 4 Read OK
2018/3/20 10:07:42  Stage 4 CRC OK
2018/3/20 10:07:42  Stage 5 Erase OK
2018/3/20 10:07:50  Stage 5 Write OK
2018/3/20 10:07:54  Stage 5 Read OK
2018/3/20 10:07:55  Stage 5 CRC OK
2018/3/20 10:07:56  Stage 6 Erase OK
2018/3/20 10:08:04  Stage 6 Write OK
2018/3/20 10:08:07  Stage 6 Read OK
2018/3/20 10:08:09  Stage 6 CRC OK
2018/3/20 10:08:09  Stage 7 Erase OK
2018/3/20 10:08:17  Stage 7 Write OK
2018/3/20 10:08:21  Stage 7 Read OK
2018/3/20 10:08:22  Stage 7 CRC OK
2018/3/20 10:08:22  Stage 8 Erase OK
2018/3/20 10:08:30  Stage 8 Write OK
2018/3/20 10:08:34  Stage 8 Read OK
2018/3/20 10:08:35  Stage 8 CRC OK
2018/3/20 10:08:35  Stage 9 Erase OK
2018/3/20 10:08:43  Stage 9 Write OK
2018/3/20 10:08:47  Stage 9 Read OK
2018/3/20 10:08:48  Stage 9 CRC OK
2018/3/20 10:08:49  Stage 10 Erase OK
2018/3/20 10:08:56  Stage 10 Write OK
2018/3/20 10:09:00  Stage 10 Read OK
2018/3/20 10:09:02  Stage 10 CRC OK
2018/3/20 10:09:02  Stage 11 Erase OK
2018/3/20 10:09:10  Stage 11 Write OK
2018/3/20 10:09:13  Stage 11 Read OK
2018/3/20 10:09:15  Stage 11 CRC OK
2018/3/20 10:09:15  Stage 12 Erase OK
2018/3/20 10:09:23  Stage 12 Write OK
2018/3/20 10:09:27  Stage 12 Read OK
2018/3/20 10:09:28  Stage 12 CRC OK
2018/3/20 10:09:28  Stage 13 Erase OK
2018/3/20 10:09:36  Stage 13 Write OK
2018/3/20 10:09:40  Stage 13 Read OK
2018/3/20 10:09:41  Stage 13 CRC OK
2018/3/20 10:09:41  Stage 14 Erase OK
2018/3/20 10:09:49  Stage 14 Write OK
2018/3/20 10:09:53  Stage 14 Read OK
2018/3/20 10:09:54  Stage 14 CRC OK
2018/3/20 10:09:54  Stage 15 Erase OK
2018/3/20 10:10:42 ####################### Error ################## 15 Tool Restart !
2018/3/20 10:10:42  Stage 15 Write OK
2018/3/20 10:10:46  Stage 15 Read OK
2018/3/20 10:10:47  Stage 15 CRC Faile
2018/3/20 10:10:48  Stage 16 Erase OK
2018/3/20 10:10:56  Stage 16 Write OK
2018/3/20 10:10:59  Stage 16 Read OK
2018/3/20 10:11:01  Stage 16 CRC OK
2018/3/20 10:11:07  Stage 0 Erase OK
2018/3/20 10:11:30  Stage 0 Write OK
2018/3/20 10:11:31  Stage 0 Read OK
2018/3/20 10:11:31  Stage 0 CRC OK
2018/3/20 10:11:31  Stage 1 Erase OK
2018/3/20 10:11:39  Stage 1 Write OK
2018/3/20 10:11:43  Stage 1 Read OK
2018/3/20 10:11:44  Stage 1 CRC OK
2018/3/20 10:11:44  Stage 2 Erase OK
2018/3/20 10:11:52  Stage 2 Write OK
2018/3/20 10:11:56  Stage 2 Read OK
2018/3/20 10:11:57  Stage 2 CRC OK
2018/3/20 10:11:57  Stage 3 Erase OK
2018/3/20 10:12:05  Stage 3 Write OK
2018/3/20 10:12:09  Stage 3 Read OK
2018/3/20 10:12:10  Stage 3 CRC OK
2018/3/20 10:12:11  Stage 4 Erase OK
2018/3/20 10:12:18  Stage 4 Write OK
2018/3/20 10:12:22  Stage 4 Read OK
2018/3/20 10:12:24  Stage 4 CRC OK
2018/3/20 10:12:24  Stage 5 Erase OK
2018/3/20 10:12:32  Stage 5 Write OK
2018/3/20 10:12:36  Stage 5 Read OK
2018/3/20 10:12:37  Stage 5 CRC OK
2018/3/20 10:12:37  Stage 6 Erase OK
2018/3/20 10:12:45  Stage 6 Write OK
2018/3/20 10:12:49  Stage 6 Read OK
2018/3/20 10:12:50  Stage 6 CRC OK
2018/3/20 10:12:50  Stage 7 Erase OK
2018/3/20 10:12:58  Stage 7 Write OK
2018/3/20 10:13:02  Stage 7 Read OK
2018/3/20 10:13:03  Stage 7 CRC OK
2018/3/20 10:13:03  Stage 8 Erase OK
2018/3/20 10:13:11  Stage 8 Write OK
2018/3/20 10:13:15  Stage 8 Read OK
2018/3/20 10:13:16  Stage 8 CRC OK
2018/3/20 10:13:17  Stage 9 Erase OK
2018/3/20 10:13:25  Stage 9 Write OK
2018/3/20 10:13:28  Stage 9 Read OK
2018/3/20 10:13:30  Stage 9 CRC OK
2018/3/20 10:13:30  Stage 10 Erase OK
2018/3/20 10:13:38  Stage 10 Write OK
2018/3/20 10:13:42  Stage 10 Read OK
2018/3/20 10:13:43  Stage 10 CRC OK
2018/3/20 10:13:43  Stage 11 Erase OK
2018/3/20 10:13:51  Stage 11 Write OK
2018/3/20 10:13:55  Stage 11 Read OK
2018/3/20 10:13:56  Stage 11 CRC OK
2018/3/20 10:13:56  Stage 12 Erase OK
2018/3/20 10:14:04  Stage 12 Write OK
2018/3/20 10:14:08  Stage 12 Read OK
2018/3/20 10:14:09  Stage 12 CRC OK
2018/3/20 10:14:09  Stage 13 Erase OK
2018/3/20 10:14:17  Stage 13 Write OK
2018/3/20 10:14:21  Stage 13 Read OK
2018/3/20 10:14:22  Stage 13 CRC OK
2018/3/20 10:14:23  Stage 14 Erase OK
2018/3/20 10:14:31  Stage 14 Write OK
2018/3/20 10:14:34  Stage 14 Read OK
2018/3/20 10:14:36  Stage 14 CRC OK
2018/3/20 10:14:36  Stage 15 Erase OK
2018/3/20 10:14:44  Stage 15 Write OK
2018/3/20 10:14:48  Stage 15 Read OK
2018/3/20 10:14:49  Stage 15 CRC OK
2018/3/20 10:14:49  Stage 16 Erase OK
2018/3/20 10:14:57  Stage 16 Write OK
2018/3/20 10:15:01  Stage 16 Read OK
2018/3/20 10:15:02  Stage 16 CRC OK
2018/3/20 10:15:08  Stage 0 Erase OK
2018/3/20 10:15:31  Stage 0 Write OK
2018/3/20 10:15:32  Stage 0 Read OK
2018/3/20 10:15:32  Stage 0 CRC OK
2018/3/20 10:15:32  Stage 1 Erase OK
2018/3/20 10:15:40  Stage 1 Write OK
2018/3/20 10:15:44  Stage 1 Read OK
2018/3/20 10:15:45  Stage 1 CRC OK
2018/3/20 10:15:46  Stage 2 Erase OK
2018/3/20 10:15:53  Stage 2 Write OK
2018/3/20 10:15:57  Stage 2 Read OK
2018/3/20 10:15:59  Stage 2 CRC OK
2018/3/20 10:15:59  Stage 3 Erase OK
2018/3/20 10:16:07  Stage 3 Write OK
2018/3/20 10:16:11  Stage 3 Read OK
2018/3/20 10:16:12  Stage 3 CRC OK
2018/3/20 10:16:12  Stage 4 Erase OK
2018/3/20 10:16:20  Stage 4 Write OK
2018/3/20 10:16:24  Stage 4 Read OK
2018/3/20 10:16:25  Stage 4 CRC OK
2018/3/20 10:16:25  Stage 5 Erase OK
2018/3/20 10:16:33  Stage 5 Write OK
2018/3/20 10:16:37  Stage 5 Read OK
2018/3/20 10:16:38  Stage 5 CRC OK
2018/3/20 10:16:38  Stage 6 Erase OK
2018/3/20 10:16:46  Stage 6 Write OK
2018/3/20 10:16:50  Stage 6 Read OK
2018/3/20 10:16:51  Stage 6 CRC OK
2018/3/20 10:16:52  Stage 7 Erase OK
2018/3/20 10:16:59  Stage 7 Write OK
2018/3/20 10:17:03  Stage 7 Read OK
2018/3/20 10:17:05  Stage 7 CRC OK
2018/3/20 10:17:05  Stage 8 Erase OK
2018/3/20 10:17:13  Stage 8 Write OK
2018/3/20 10:17:17  Stage 8 Read OK
2018/3/20 10:17:18  Stage 8 CRC OK
2018/3/20 10:17:18  Stage 9 Erase OK
2018/3/20 10:17:26  Stage 9 Write OK
2018/3/20 10:17:30  Stage 9 Read OK
2018/3/20 10:17:31  Stage 9 CRC OK
2018/3/20 10:17:31  Stage 10 Erase OK
2018/3/20 10:17:39  Stage 10 Write OK
2018/3/20 10:17:43  Stage 10 Read OK
2018/3/20 10:17:44  Stage 10 CRC OK
2018/3/20 10:17:44  Stage 11 Erase OK
2018/3/20 10:17:52  Stage 11 Write OK
2018/3/20 10:17:56  Stage 11 Read OK
2018/3/20 10:17:57  Stage 11 CRC OK
2018/3/20 10:17:58  Stage 12 Erase OK
2018/3/20 10:18:05  Stage 12 Write OK
2018/3/20 10:18:09  Stage 12 Read OK
2018/3/20 10:18:10  Stage 12 CRC OK
2018/3/20 10:18:11  Stage 13 Erase OK
2018/3/20 10:18:19  Stage 13 Write OK
2018/3/20 10:18:22  Stage 13 Read OK
2018/3/20 10:18:24  Stage 13 CRC OK
2018/3/20 10:18:24  Stage 14 Erase OK
2018/3/20 10:18:32  Stage 14 Write OK
2018/3/20 10:18:36  Stage 14 Read OK
2018/3/20 10:18:37  Stage 14 CRC OK
2018/3/20 10:18:37  Stage 15 Erase OK
2018/3/20 10:18:45  Stage 15 Write OK
2018/3/20 10:18:49  Stage 15 Read OK
2018/3/20 10:18:50  Stage 15 CRC OK
2018/3/20 10:18:50  Stage 16 Erase OK
2018/3/20 10:18:58  Stage 16 Write OK
2018/3/20 10:19:02  Stage 16 Read OK
2018/3/20 10:19:03  Stage 16 CRC OK
2018/3/20 10:19:09  Stage 0 Erase OK
2018/3/20 10:19:32  Stage 0 Write OK
2018/3/20 10:19:33  Stage 0 Read OK
2018/3/20 10:19:33  Stage 0 CRC OK
2018/3/20 10:19:34  Stage 1 Erase OK
2018/3/20 10:19:42  Stage 1 Write OK
2018/3/20 10:19:45  Stage 1 Read OK
2018/3/20 10:19:47  Stage 1 CRC OK
2018/3/20 10:19:47  Stage 2 Erase OK
2018/3/20 10:19:55  Stage 2 Write OK
2018/3/20 10:19:59  Stage 2 Read OK
2018/3/20 10:20:00  Stage 2 CRC OK
2018/3/20 10:20:00  Stage 3 Erase OK
2018/3/20 10:20:08  Stage 3 Write OK
2018/3/20 10:20:12  Stage 3 Read OK
2018/3/20 10:20:13  Stage 3 CRC OK
2018/3/20 10:20:13  Stage 4 Erase OK
2018/3/20 10:20:21  Stage 4 Write OK
2018/3/20 10:20:25  Stage 4 Read OK
2018/3/20 10:20:26  Stage 4 CRC OK
2018/3/20 10:20:26  Stage 5 Erase OK
2018/3/20 10:20:34  Stage 5 Write OK
2018/3/20 10:20:38  Stage 5 Read OK
2018/3/20 10:20:39  Stage 5 CRC OK
2018/3/20 10:20:40  Stage 6 Erase OK
2018/3/20 10:20:48  Stage 6 Write OK
2018/3/20 10:20:51  Stage 6 Read OK
2018/3/20 10:20:53  Stage 6 CRC OK
2018/3/20 10:20:53  Stage 7 Erase OK
2018/3/20 10:22:02 ####################### Error ################## 7 Tool Restart !
2018/3/20 10:22:03  Stage 7 Write OK
2018/3/20 10:22:07  Stage 7 Read OK
2018/3/20 10:22:08  Stage 7 CRC Faile
2018/3/20 10:22:08  Stage 8 Erase OK
2018/3/20 10:22:16  Stage 8 Write OK
2018/3/20 10:22:20  Stage 8 Read OK
2018/3/20 10:22:21  Stage 8 CRC OK
2018/3/20 10:22:21  Stage 9 Erase OK
2018/3/20 10:22:29  Stage 9 Write OK
2018/3/20 10:22:33  Stage 9 Read OK
2018/3/20 10:22:34  Stage 9 CRC OK
2018/3/20 10:22:34  Stage 10 Erase OK
2018/3/20 10:22:42  Stage 10 Write OK
2018/3/20 10:22:46  Stage 10 Read OK
2018/3/20 10:22:47  Stage 10 CRC OK
2018/3/20 10:22:48  Stage 11 Erase OK
2018/3/20 10:22:55  Stage 11 Write OK
2018/3/20 10:22:59  Stage 11 Read OK
2018/3/20 10:23:00  Stage 11 CRC OK
2018/3/20 10:23:01  Stage 12 Erase OK
2018/3/20 10:23:09  Stage 12 Write OK
2018/3/20 10:23:12  Stage 12 Read OK
2018/3/20 10:23:14  Stage 12 CRC OK
2018/3/20 10:23:14  Stage 13 Erase OK
2018/3/20 10:23:22  Stage 13 Write OK
2018/3/20 10:23:26  Stage 13 Read OK
2018/3/20 10:23:27  Stage 13 CRC OK
2018/3/20 10:23:27  Stage 14 Erase OK
